<?xml version="1.0" encoding="UTF-8"?>
<testsuite name="com.opm.microservice1demo.Microservice1demoApplicationTests" tests="1" skipped="0" failures="0" errors="0" timestamp="2016-05-06T09:04:28" hostname="MacBook-Pro-de-Oscar.local" time="0.002">
  <properties/>
  <testcase name="contextLoads" classname="com.opm.microservice1demo.Microservice1demoApplicationTests" time="0.002"/>
  <system-out><![CDATA[04:04:25.554 [Test worker] DEBUG o.s.t.c.j.SpringJUnit4ClassRunner - SpringJUnit4ClassRunner constructor called with [class com.opm.microservice1demo.Microservice1demoApplicationTests]
04:04:25.566 [Test worker] DEBUG o.s.test.context.BootstrapUtils - Instantiating TestContextBootstrapper from class [org.springframework.test.context.support.DefaultTestContextBootstrapper]
04:04:25.581 [Test worker] DEBUG o.s.t.c.s.DefaultTestContextBootstrapper - Found explicit ContextLoader class [org.springframework.boot.test.SpringApplicationContextLoader] for context configuration attributes [ContextConfigurationAttributes@725928e9 declaringClass = 'com.opm.microservice1demo.Microservice1demoApplicationTests', classes = '{class com.opm.microservice1demo.Microservice1demoApplication}', locations = '{}', inheritLocations = true, initializers = '{}', inheritInitializers = true, name = [null], contextLoaderClass = 'org.springframework.boot.test.SpringApplicationContextLoader']
04:04:25.587 [Test worker] DEBUG o.s.t.c.support.ActiveProfilesUtils - Could not find an 'annotation declaring class' for annotation type [org.springframework.test.context.ActiveProfiles] and class [com.opm.microservice1demo.Microservice1demoApplicationTests]
04:04:25.591 [Test worker] DEBUG o.s.t.c.s.DefaultTestContextBootstrapper - @TestExecutionListeners is not present for class [com.opm.microservice1demo.Microservice1demoApplicationTests]: using defaults.
04:04:25.601 [Test worker] INFO  o.s.t.c.s.DefaultTestContextBootstrapper - Loaded default TestExecutionListener class names from location [META-INF/spring.factories]: [org.springframework.test.context.web.ServletTestExecutionListener, org.springframework.test.context.support.DependencyInjectionTestExecutionListener, org.springframework.test.context.support.DirtiesContextTestExecutionListener, org.springframework.test.context.transaction.TransactionalTestExecutionListener, org.springframework.test.context.jdbc.SqlScriptsTestExecutionListener]
04:04:25.605 [Test worker] INFO  o.s.t.c.s.DefaultTestContextBootstrapper - Could not instantiate TestExecutionListener [org.springframework.test.context.jdbc.SqlScriptsTestExecutionListener]. Specify custom listener classes or make the default listener classes (and their required dependencies) available. Offending class: [org/springframework/transaction/interceptor/TransactionAttribute]
04:04:25.606 [Test worker] INFO  o.s.t.c.s.DefaultTestContextBootstrapper - Could not instantiate TestExecutionListener [org.springframework.test.context.transaction.TransactionalTestExecutionListener]. Specify custom listener classes or make the default listener classes (and their required dependencies) available. Offending class: [org/springframework/transaction/interceptor/TransactionAttributeSource]
04:04:25.611 [Test worker] INFO  o.s.t.c.s.DefaultTestContextBootstrapper - Using TestExecutionListeners: [org.springframework.test.context.web.ServletTestExecutionListener@7e44e815, org.springframework.test.context.support.DependencyInjectionTestExecutionListener@5562c202, org.springframework.test.context.support.DirtiesContextTestExecutionListener@493d1378]
04:04:25.615 [Test worker] DEBUG o.s.t.annotation.ProfileValueUtils - Retrieved @ProfileValueSourceConfiguration [null] for test class [com.opm.microservice1demo.Microservice1demoApplicationTests]
04:04:25.615 [Test worker] DEBUG o.s.t.annotation.ProfileValueUtils - Retrieved ProfileValueSource type [class org.springframework.test.annotation.SystemProfileValueSource] for class [com.opm.microservice1demo.Microservice1demoApplicationTests]
04:04:25.616 [Test worker] DEBUG o.s.t.annotation.ProfileValueUtils - Retrieved @ProfileValueSourceConfiguration [null] for test class [com.opm.microservice1demo.Microservice1demoApplicationTests]
04:04:25.616 [Test worker] DEBUG o.s.t.annotation.ProfileValueUtils - Retrieved ProfileValueSource type [class org.springframework.test.annotation.SystemProfileValueSource] for class [com.opm.microservice1demo.Microservice1demoApplicationTests]
04:04:25.620 [Test worker] DEBUG o.s.t.annotation.ProfileValueUtils - Retrieved @ProfileValueSourceConfiguration [null] for test class [com.opm.microservice1demo.Microservice1demoApplicationTests]
04:04:25.620 [Test worker] DEBUG o.s.t.annotation.ProfileValueUtils - Retrieved ProfileValueSource type [class org.springframework.test.annotation.SystemProfileValueSource] for class [com.opm.microservice1demo.Microservice1demoApplicationTests]
04:04:25.622 [Test worker] DEBUG o.s.t.c.s.DependencyInjectionTestExecutionListener - Performing dependency injection for test context [[DefaultTestContext@3b671778 testClass = Microservice1demoApplicationTests, testInstance = com.opm.microservice1demo.Microservice1demoApplicationTests@384e42fc, testMethod = [null], testException = [null], mergedContextConfiguration = [MergedContextConfiguration@56ccce23 testClass = Microservice1demoApplicationTests, locations = '{}', classes = '{class com.opm.microservice1demo.Microservice1demoApplication}', contextInitializerClasses = '[]', activeProfiles = '{}', propertySourceLocations = '{}', propertySourceProperties = '{}', contextLoader = 'org.springframework.boot.test.SpringApplicationContextLoader', parent = [null]]]].
04:04:25.707 [Test worker] DEBUG o.s.core.env.StandardEnvironment - Adding [systemProperties] PropertySource with lowest search precedence
04:04:25.709 [Test worker] DEBUG o.s.core.env.StandardEnvironment - Adding [systemEnvironment] PropertySource with lowest search precedence
04:04:25.709 [Test worker] DEBUG o.s.core.env.StandardEnvironment - Initialized StandardEnvironment with PropertySources [systemProperties,systemEnvironment]
04:04:25.710 [Test worker] DEBUG o.s.core.env.StandardEnvironment - Adding [integrationTest] PropertySource with search precedence immediately lower than [systemEnvironment]
2016-05-06 04:04:26.232  INFO 1031 --- [    Test worker] o.s.boot.SpringApplication               : Starting application on MacBook-Pro-de-Oscar.local with PID 1031 (/Users/opando/.gradle/caches/modules-2/files-2.1/org.springframework.boot/spring-boot/1.2.8.RELEASE/830424026af69ad8161db2ee95dc61beaf0ce189/spring-boot-1.2.8.RELEASE.jar started by opando in /Users/opando/sourcegit/java/demo1microservicios/microservice1demo)
2016-05-06 04:04:26.265  INFO 1031 --- [    Test worker] s.c.a.AnnotationConfigApplicationContext : Refreshing org.springframework.context.annotation.AnnotationConfigApplicationContext@66021396: startup date [Fri May 06 04:04:26 PET 2016]; root of context hierarchy
2016-05-06 04:04:26.441  INFO 1031 --- [    Test worker] f.a.AutowiredAnnotationBeanPostProcessor : JSR-330 'javax.inject.Inject' annotation found and supported for autowiring
2016-05-06 04:04:26.478  INFO 1031 --- [    Test worker] trationDelegate$BeanPostProcessorChecker : Bean 'encrypt.CONFIGURATION_PROPERTIES' of type [class org.springframework.cloud.bootstrap.encrypt.KeyProperties] is not eligible for getting processed by all BeanPostProcessors (for example: not eligible for auto-proxying)
2016-05-06 04:04:26.479  INFO 1031 --- [    Test worker] trationDelegate$BeanPostProcessorChecker : Bean 'encryptionBootstrapConfiguration' of type [class org.springframework.cloud.bootstrap.encrypt.EncryptionBootstrapConfiguration$$EnhancerBySpringCGLIB$$de7d01aa] is not eligible for getting processed by all BeanPostProcessors (for example: not eligible for auto-proxying)
2016-05-06 04:04:26.554  INFO 1031 --- [    Test worker] o.s.boot.SpringApplication               : Started application in 0.781 seconds (JVM running for 1.747)

  .   ____          _            __ _ _
 /\\ / ___'_ __ _ _(_)_ __  __ _ \ \ \ \
( ( )\___ | '_ | '_| | '_ \/ _` | \ \ \ \
 \\/  ___)| |_)| | | | | || (_| |  ) ) ) )
  '  |____| .__|_| |_|_| |_\__, | / / / /
 =========|_|==============|___/=/_/_/_/
 :: Spring Boot ::        (v1.2.8.RELEASE)

2016-05-06 04:04:26.931  WARN 1031 --- [    Test worker] c.c.c.ConfigServicePropertySourceLocator : Could not locate PropertySource: I/O error on GET request for "http://localhost:8888/bootstrap/default": Connection refused; nested exception is java.net.ConnectException: Connection refused
2016-05-06 04:04:26.940  INFO 1031 --- [    Test worker] s.c.a.AnnotationConfigApplicationContext : Refreshing org.springframework.context.annotation.AnnotationConfigApplicationContext@a5a03f: startup date [Fri May 06 04:04:26 PET 2016]; parent: org.springframework.context.annotation.AnnotationConfigApplicationContext@66021396
2016-05-06 04:04:27.592  INFO 1031 --- [    Test worker] o.s.cloud.context.scope.GenericScope     : BeanFactory id=924aa686-0f10-3b57-bc11-79792bb4ba25
2016-05-06 04:04:27.594  INFO 1031 --- [    Test worker] f.a.AutowiredAnnotationBeanPostProcessor : JSR-330 'javax.inject.Inject' annotation found and supported for autowiring
2016-05-06 04:04:27.610  INFO 1031 --- [    Test worker] trationDelegate$BeanPostProcessorChecker : Bean 'org.springframework.cloud.autoconfigure.RefreshAutoConfiguration$ConfigurationPropertiesRebinderConfiguration' of type [class org.springframework.cloud.autoconfigure.RefreshAutoConfiguration$ConfigurationPropertiesRebinderConfiguration$$EnhancerBySpringCGLIB$$eb3c487] is not eligible for getting processed by all BeanPostProcessors (for example: not eligible for auto-proxying)
2016-05-06 04:04:27.958  WARN 1031 --- [    Test worker] c.n.c.sources.URLConfigurationSource     : No URLs will be polled as dynamic configuration sources.
2016-05-06 04:04:27.959  INFO 1031 --- [    Test worker] c.n.c.sources.URLConfigurationSource     : To enable URLs as dynamic configuration sources, define System property archaius.configurationSource.additionalUrls or make config.properties available on classpath.
2016-05-06 04:04:27.967  INFO 1031 --- [    Test worker] c.netflix.config.DynamicPropertyFactory  : DynamicPropertyFactory is initialized with configuration sources: com.netflix.config.ConcurrentCompositeConfiguration@6d669867
2016-05-06 04:04:28.277  WARN 1031 --- [    Test worker] c.n.c.sources.URLConfigurationSource     : No URLs will be polled as dynamic configuration sources.
2016-05-06 04:04:28.277  INFO 1031 --- [    Test worker] c.n.c.sources.URLConfigurationSource     : To enable URLs as dynamic configuration sources, define System property archaius.configurationSource.additionalUrls or make config.properties available on classpath.
2016-05-06 04:04:28.299  INFO 1031 --- [    Test worker] o.s.c.support.DefaultLifecycleProcessor  : Starting beans in phase 0
2016-05-06 04:04:28.304  INFO 1031 --- [    Test worker] c.o.m.Microservice1demoApplicationTests  : Started Microservice1demoApplicationTests in 2.592 seconds (JVM running for 3.498)
]]></system-out>
  <system-err><![CDATA[]]></system-err>
</testsuite>
