<?xml version="1.0" encoding="UTF-8"?>
<testsuite name="com.opm.microservice1demo.Microservice1demoApplicationTests" tests="1" skipped="0" failures="0" errors="0" timestamp="2016-05-08T00:39:30" hostname="MacBook-Pro-de-Oscar.local" time="0.001">
  <properties/>
  <testcase name="contextLoads" classname="com.opm.microservice1demo.Microservice1demoApplicationTests" time="0.001"/>
  <system-out><![CDATA[19:39:28.509 [Test worker] DEBUG o.s.t.c.j.SpringJUnit4ClassRunner - SpringJUnit4ClassRunner constructor called with [class com.opm.microservice1demo.Microservice1demoApplicationTests]
19:39:28.519 [Test worker] DEBUG o.s.test.context.BootstrapUtils - Instantiating TestContextBootstrapper from class [org.springframework.test.context.support.DefaultTestContextBootstrapper]
19:39:28.534 [Test worker] DEBUG o.s.t.c.s.DefaultTestContextBootstrapper - Found explicit ContextLoader class [org.springframework.boot.test.SpringApplicationContextLoader] for context configuration attributes [ContextConfigurationAttributes@725928e9 declaringClass = 'com.opm.microservice1demo.Microservice1demoApplicationTests', classes = '{class com.opm.microservice1demo.Microservice1demoApplication}', locations = '{}', inheritLocations = true, initializers = '{}', inheritInitializers = true, name = [null], contextLoaderClass = 'org.springframework.boot.test.SpringApplicationContextLoader']
19:39:28.540 [Test worker] DEBUG o.s.t.c.support.ActiveProfilesUtils - Could not find an 'annotation declaring class' for annotation type [org.springframework.test.context.ActiveProfiles] and class [com.opm.microservice1demo.Microservice1demoApplicationTests]
19:39:28.543 [Test worker] DEBUG o.s.t.c.s.DefaultTestContextBootstrapper - @TestExecutionListeners is not present for class [com.opm.microservice1demo.Microservice1demoApplicationTests]: using defaults.
19:39:28.554 [Test worker] INFO  o.s.t.c.s.DefaultTestContextBootstrapper - Loaded default TestExecutionListener class names from location [META-INF/spring.factories]: [org.springframework.test.context.web.ServletTestExecutionListener, org.springframework.test.context.support.DependencyInjectionTestExecutionListener, org.springframework.test.context.support.DirtiesContextTestExecutionListener, org.springframework.test.context.transaction.TransactionalTestExecutionListener, org.springframework.test.context.jdbc.SqlScriptsTestExecutionListener]
19:39:28.559 [Test worker] INFO  o.s.t.c.s.DefaultTestContextBootstrapper - Could not instantiate TestExecutionListener [org.springframework.test.context.jdbc.SqlScriptsTestExecutionListener]. Specify custom listener classes or make the default listener classes (and their required dependencies) available. Offending class: [org/springframework/transaction/interceptor/TransactionAttribute]
19:39:28.560 [Test worker] INFO  o.s.t.c.s.DefaultTestContextBootstrapper - Could not instantiate TestExecutionListener [org.springframework.test.context.transaction.TransactionalTestExecutionListener]. Specify custom listener classes or make the default listener classes (and their required dependencies) available. Offending class: [org/springframework/transaction/interceptor/TransactionAttributeSource]
19:39:28.565 [Test worker] INFO  o.s.t.c.s.DefaultTestContextBootstrapper - Using TestExecutionListeners: [org.springframework.test.context.web.ServletTestExecutionListener@7e44e815, org.springframework.test.context.support.DependencyInjectionTestExecutionListener@5562c202, org.springframework.test.context.support.DirtiesContextTestExecutionListener@493d1378]
19:39:28.569 [Test worker] DEBUG o.s.t.annotation.ProfileValueUtils - Retrieved @ProfileValueSourceConfiguration [null] for test class [com.opm.microservice1demo.Microservice1demoApplicationTests]
19:39:28.569 [Test worker] DEBUG o.s.t.annotation.ProfileValueUtils - Retrieved ProfileValueSource type [class org.springframework.test.annotation.SystemProfileValueSource] for class [com.opm.microservice1demo.Microservice1demoApplicationTests]
19:39:28.570 [Test worker] DEBUG o.s.t.annotation.ProfileValueUtils - Retrieved @ProfileValueSourceConfiguration [null] for test class [com.opm.microservice1demo.Microservice1demoApplicationTests]
19:39:28.570 [Test worker] DEBUG o.s.t.annotation.ProfileValueUtils - Retrieved ProfileValueSource type [class org.springframework.test.annotation.SystemProfileValueSource] for class [com.opm.microservice1demo.Microservice1demoApplicationTests]
19:39:28.573 [Test worker] DEBUG o.s.t.annotation.ProfileValueUtils - Retrieved @ProfileValueSourceConfiguration [null] for test class [com.opm.microservice1demo.Microservice1demoApplicationTests]
19:39:28.573 [Test worker] DEBUG o.s.t.annotation.ProfileValueUtils - Retrieved ProfileValueSource type [class org.springframework.test.annotation.SystemProfileValueSource] for class [com.opm.microservice1demo.Microservice1demoApplicationTests]
19:39:28.576 [Test worker] DEBUG o.s.t.c.s.DependencyInjectionTestExecutionListener - Performing dependency injection for test context [[DefaultTestContext@3b671778 testClass = Microservice1demoApplicationTests, testInstance = com.opm.microservice1demo.Microservice1demoApplicationTests@384e42fc, testMethod = [null], testException = [null], mergedContextConfiguration = [MergedContextConfiguration@56ccce23 testClass = Microservice1demoApplicationTests, locations = '{}', classes = '{class com.opm.microservice1demo.Microservice1demoApplication}', contextInitializerClasses = '[]', activeProfiles = '{}', propertySourceLocations = '{}', propertySourceProperties = '{}', contextLoader = 'org.springframework.boot.test.SpringApplicationContextLoader', parent = [null]]]].
19:39:28.657 [Test worker] DEBUG o.s.core.env.StandardEnvironment - Adding [systemProperties] PropertySource with lowest search precedence
19:39:28.659 [Test worker] DEBUG o.s.core.env.StandardEnvironment - Adding [systemEnvironment] PropertySource with lowest search precedence
19:39:28.659 [Test worker] DEBUG o.s.core.env.StandardEnvironment - Initialized StandardEnvironment with PropertySources [systemProperties,systemEnvironment]
19:39:28.660 [Test worker] DEBUG o.s.core.env.StandardEnvironment - Adding [integrationTest] PropertySource with search precedence immediately lower than [systemEnvironment]
2016-05-07 19:39:29.189  INFO 706 --- [    Test worker] o.s.boot.SpringApplication               : Starting application on MacBook-Pro-de-Oscar.local with PID 706 (/Users/opando/.gradle/caches/modules-2/files-2.1/org.springframework.boot/spring-boot/1.2.8.RELEASE/830424026af69ad8161db2ee95dc61beaf0ce189/spring-boot-1.2.8.RELEASE.jar started by opando in /Users/opando/sourcegit/java/demo1microservicios/microservice11demo)
2016-05-07 19:39:29.217  INFO 706 --- [    Test worker] s.c.a.AnnotationConfigApplicationContext : Refreshing org.springframework.context.annotation.AnnotationConfigApplicationContext@66021396: startup date [Sat May 07 19:39:29 PET 2016]; root of context hierarchy
2016-05-07 19:39:29.377  INFO 706 --- [    Test worker] f.a.AutowiredAnnotationBeanPostProcessor : JSR-330 'javax.inject.Inject' annotation found and supported for autowiring
2016-05-07 19:39:29.411  INFO 706 --- [    Test worker] trationDelegate$BeanPostProcessorChecker : Bean 'encrypt.CONFIGURATION_PROPERTIES' of type [class org.springframework.cloud.bootstrap.encrypt.KeyProperties] is not eligible for getting processed by all BeanPostProcessors (for example: not eligible for auto-proxying)
2016-05-07 19:39:29.411  INFO 706 --- [    Test worker] trationDelegate$BeanPostProcessorChecker : Bean 'encryptionBootstrapConfiguration' of type [class org.springframework.cloud.bootstrap.encrypt.EncryptionBootstrapConfiguration$$EnhancerBySpringCGLIB$$de7d01aa] is not eligible for getting processed by all BeanPostProcessors (for example: not eligible for auto-proxying)
2016-05-07 19:39:29.487  INFO 706 --- [    Test worker] o.s.boot.SpringApplication               : Started application in 0.77 seconds (JVM running for 1.699)

  .   ____          _            __ _ _
 /\\ / ___'_ __ _ _(_)_ __  __ _ \ \ \ \
( ( )\___ | '_ | '_| | '_ \/ _` | \ \ \ \
 \\/  ___)| |_)| | | | | || (_| |  ) ) ) )
  '  |____| .__|_| |_|_| |_\__, | / / / /
 =========|_|==============|___/=/_/_/_/
 :: Spring Boot ::        (v1.2.8.RELEASE)

2016-05-07 19:39:29.845  WARN 706 --- [    Test worker] c.c.c.ConfigServicePropertySourceLocator : Could not locate PropertySource: I/O error on GET request for "http://localhost:8888/ms11demo/default": Connection refused; nested exception is java.net.ConnectException: Connection refused
2016-05-07 19:39:29.853  INFO 706 --- [    Test worker] s.c.a.AnnotationConfigApplicationContext : Refreshing org.springframework.context.annotation.AnnotationConfigApplicationContext@61b929ff: startup date [Sat May 07 19:39:29 PET 2016]; parent: org.springframework.context.annotation.AnnotationConfigApplicationContext@66021396
2016-05-07 19:39:30.376  INFO 706 --- [    Test worker] o.s.cloud.context.scope.GenericScope     : BeanFactory id=a1595284-c5a8-34eb-9702-fa7d74e1cfaf
2016-05-07 19:39:30.378  INFO 706 --- [    Test worker] f.a.AutowiredAnnotationBeanPostProcessor : JSR-330 'javax.inject.Inject' annotation found and supported for autowiring
2016-05-07 19:39:30.393  INFO 706 --- [    Test worker] trationDelegate$BeanPostProcessorChecker : Bean 'org.springframework.cloud.autoconfigure.RefreshAutoConfiguration$ConfigurationPropertiesRebinderConfiguration' of type [class org.springframework.cloud.autoconfigure.RefreshAutoConfiguration$ConfigurationPropertiesRebinderConfiguration$$EnhancerBySpringCGLIB$$eb3c487] is not eligible for getting processed by all BeanPostProcessors (for example: not eligible for auto-proxying)
2016-05-07 19:39:30.633  WARN 706 --- [    Test worker] c.n.c.sources.URLConfigurationSource     : No URLs will be polled as dynamic configuration sources.
2016-05-07 19:39:30.633  INFO 706 --- [    Test worker] c.n.c.sources.URLConfigurationSource     : To enable URLs as dynamic configuration sources, define System property archaius.configurationSource.additionalUrls or make config.properties available on classpath.
2016-05-07 19:39:30.641  INFO 706 --- [    Test worker] c.netflix.config.DynamicPropertyFactory  : DynamicPropertyFactory is initialized with configuration sources: com.netflix.config.ConcurrentCompositeConfiguration@404d66d0
2016-05-07 19:39:30.886  WARN 706 --- [    Test worker] c.n.c.sources.URLConfigurationSource     : No URLs will be polled as dynamic configuration sources.
2016-05-07 19:39:30.886  INFO 706 --- [    Test worker] c.n.c.sources.URLConfigurationSource     : To enable URLs as dynamic configuration sources, define System property archaius.configurationSource.additionalUrls or make config.properties available on classpath.
2016-05-07 19:39:30.903  INFO 706 --- [    Test worker] o.s.c.support.DefaultLifecycleProcessor  : Starting beans in phase 0
2016-05-07 19:39:30.909  INFO 706 --- [    Test worker] c.o.m.Microservice1demoApplicationTests  : Started Microservice1demoApplicationTests in 2.247 seconds (JVM running for 3.121)
]]></system-out>
  <system-err><![CDATA[]]></system-err>
</testsuite>
