<?xml version="1.0" encoding="UTF-8"?>
<testsuite name="com.opm.archaius1demo.Archaius1demoApplicationTests" tests="1" skipped="0" failures="0" errors="0" timestamp="2016-05-12T01:17:54" hostname="MacBook-Pro-de-Oscar.local" time="0.001">
  <properties/>
  <testcase name="contextLoads" classname="com.opm.archaius1demo.Archaius1demoApplicationTests" time="0.001"/>
  <system-out><![CDATA[20:17:52.166 [Test worker] DEBUG o.s.t.c.j.SpringJUnit4ClassRunner - SpringJUnit4ClassRunner constructor called with [class com.opm.archaius1demo.Archaius1demoApplicationTests]
20:17:52.172 [Test worker] DEBUG o.s.test.context.BootstrapUtils - Instantiating CacheAwareContextLoaderDelegate from class [org.springframework.test.context.cache.DefaultCacheAwareContextLoaderDelegate]
20:17:52.177 [Test worker] DEBUG o.s.test.context.BootstrapUtils - Instantiating BootstrapContext using constructor [public org.springframework.test.context.support.DefaultBootstrapContext(java.lang.Class,org.springframework.test.context.CacheAwareContextLoaderDelegate)]
20:17:52.185 [Test worker] DEBUG o.s.test.context.BootstrapUtils - Instantiating TestContextBootstrapper for test class [com.opm.archaius1demo.Archaius1demoApplicationTests] from class [org.springframework.test.context.support.DefaultTestContextBootstrapper]
20:17:52.206 [Test worker] DEBUG o.s.t.c.s.DefaultTestContextBootstrapper - Found explicit ContextLoader class [org.springframework.boot.test.SpringApplicationContextLoader] for context configuration attributes [ContextConfigurationAttributes@18975445 declaringClass = 'com.opm.archaius1demo.Archaius1demoApplicationTests', classes = '{class com.opm.archaius1demo.Archaius1demoApplication}', locations = '{}', inheritLocations = true, initializers = '{}', inheritInitializers = true, name = [null], contextLoaderClass = 'org.springframework.boot.test.SpringApplicationContextLoader']
20:17:52.213 [Test worker] DEBUG o.s.t.c.s.AbstractContextLoader - Did not detect default resource location for test class [com.opm.archaius1demo.Archaius1demoApplicationTests]: class path resource [com/opm/archaius1demo/Archaius1demoApplicationTests-context.xml] does not exist
20:17:52.214 [Test worker] DEBUG o.s.t.c.s.AbstractContextLoader - Did not detect default resource location for test class [com.opm.archaius1demo.Archaius1demoApplicationTests]: class path resource [com/opm/archaius1demo/Archaius1demoApplicationTestsContext.groovy] does not exist
20:17:52.214 [Test worker] INFO  o.s.t.c.s.AbstractContextLoader - Could not detect default resource locations for test class [com.opm.archaius1demo.Archaius1demoApplicationTests]: no resource found for suffixes {-context.xml, Context.groovy}.
20:17:52.216 [Test worker] DEBUG o.s.t.c.support.ActiveProfilesUtils - Could not find an 'annotation declaring class' for annotation type [org.springframework.test.context.ActiveProfiles] and class [com.opm.archaius1demo.Archaius1demoApplicationTests]
20:17:52.219 [Test worker] DEBUG o.s.t.c.s.DefaultTestContextBootstrapper - @TestExecutionListeners is not present for class [com.opm.archaius1demo.Archaius1demoApplicationTests]: using defaults.
20:17:52.227 [Test worker] INFO  o.s.t.c.s.DefaultTestContextBootstrapper - Loaded default TestExecutionListener class names from location [META-INF/spring.factories]: [org.springframework.test.context.web.ServletTestExecutionListener, org.springframework.test.context.support.DirtiesContextBeforeModesTestExecutionListener, org.springframework.test.context.support.DependencyInjectionTestExecutionListener, org.springframework.test.context.support.DirtiesContextTestExecutionListener, org.springframework.test.context.transaction.TransactionalTestExecutionListener, org.springframework.test.context.jdbc.SqlScriptsTestExecutionListener]
20:17:52.232 [Test worker] INFO  o.s.t.c.s.DefaultTestContextBootstrapper - Could not instantiate TestExecutionListener [org.springframework.test.context.transaction.TransactionalTestExecutionListener]. Specify custom listener classes or make the default listener classes (and their required dependencies) available. Offending class: [org/springframework/transaction/interceptor/TransactionAttributeSource]
20:17:52.233 [Test worker] INFO  o.s.t.c.s.DefaultTestContextBootstrapper - Could not instantiate TestExecutionListener [org.springframework.test.context.jdbc.SqlScriptsTestExecutionListener]. Specify custom listener classes or make the default listener classes (and their required dependencies) available. Offending class: [org/springframework/transaction/interceptor/TransactionAttribute]
20:17:52.238 [Test worker] INFO  o.s.t.c.s.DefaultTestContextBootstrapper - Using TestExecutionListeners: [org.springframework.test.context.web.ServletTestExecutionListener@7179d31b, org.springframework.test.context.support.DirtiesContextBeforeModesTestExecutionListener@2d052b55, org.springframework.test.context.support.DependencyInjectionTestExecutionListener@6df4870b, org.springframework.test.context.support.DirtiesContextTestExecutionListener@6d5c35fa]
20:17:52.241 [Test worker] DEBUG o.s.t.annotation.ProfileValueUtils - Retrieved @ProfileValueSourceConfiguration [null] for test class [com.opm.archaius1demo.Archaius1demoApplicationTests]
20:17:52.241 [Test worker] DEBUG o.s.t.annotation.ProfileValueUtils - Retrieved ProfileValueSource type [class org.springframework.test.annotation.SystemProfileValueSource] for class [com.opm.archaius1demo.Archaius1demoApplicationTests]
20:17:52.242 [Test worker] DEBUG o.s.t.annotation.ProfileValueUtils - Retrieved @ProfileValueSourceConfiguration [null] for test class [com.opm.archaius1demo.Archaius1demoApplicationTests]
20:17:52.242 [Test worker] DEBUG o.s.t.annotation.ProfileValueUtils - Retrieved ProfileValueSource type [class org.springframework.test.annotation.SystemProfileValueSource] for class [com.opm.archaius1demo.Archaius1demoApplicationTests]
20:17:52.245 [Test worker] DEBUG o.s.t.c.s.AbstractDirtiesContextTestExecutionListener - Before test class: context [DefaultTestContext@70fc026b testClass = Archaius1demoApplicationTests, testInstance = [null], testMethod = [null], testException = [null], mergedContextConfiguration = [MergedContextConfiguration@382fcd9c testClass = Archaius1demoApplicationTests, locations = '{}', classes = '{class com.opm.archaius1demo.Archaius1demoApplication}', contextInitializerClasses = '[]', activeProfiles = '{}', propertySourceLocations = '{}', propertySourceProperties = '{}', contextLoader = 'org.springframework.boot.test.SpringApplicationContextLoader', parent = [null]]], class annotated with @DirtiesContext [false] with mode [null].
20:17:52.246 [Test worker] DEBUG o.s.t.annotation.ProfileValueUtils - Retrieved @ProfileValueSourceConfiguration [null] for test class [com.opm.archaius1demo.Archaius1demoApplicationTests]
20:17:52.246 [Test worker] DEBUG o.s.t.annotation.ProfileValueUtils - Retrieved ProfileValueSource type [class org.springframework.test.annotation.SystemProfileValueSource] for class [com.opm.archaius1demo.Archaius1demoApplicationTests]
20:17:52.248 [Test worker] DEBUG o.s.t.c.s.DependencyInjectionTestExecutionListener - Performing dependency injection for test context [[DefaultTestContext@70fc026b testClass = Archaius1demoApplicationTests, testInstance = com.opm.archaius1demo.Archaius1demoApplicationTests@6862e5c8, testMethod = [null], testException = [null], mergedContextConfiguration = [MergedContextConfiguration@382fcd9c testClass = Archaius1demoApplicationTests, locations = '{}', classes = '{class com.opm.archaius1demo.Archaius1demoApplication}', contextInitializerClasses = '[]', activeProfiles = '{}', propertySourceLocations = '{}', propertySourceProperties = '{}', contextLoader = 'org.springframework.boot.test.SpringApplicationContextLoader', parent = [null]]]].
20:17:52.322 [Test worker] DEBUG o.s.core.env.StandardEnvironment - Adding [systemProperties] PropertySource with lowest search precedence
20:17:52.324 [Test worker] DEBUG o.s.core.env.StandardEnvironment - Adding [systemEnvironment] PropertySource with lowest search precedence
20:17:52.324 [Test worker] DEBUG o.s.core.env.StandardEnvironment - Initialized StandardEnvironment with PropertySources [systemProperties,systemEnvironment]
20:17:52.325 [Test worker] DEBUG o.s.core.env.StandardEnvironment - Adding [integrationTest] PropertySource with search precedence immediately lower than [systemEnvironment]
2016-05-11 20:17:52.930  INFO 622 --- [    Test worker] s.c.a.AnnotationConfigApplicationContext : Refreshing org.springframework.context.annotation.AnnotationConfigApplicationContext@3edf2900: startup date [Wed May 11 20:17:52 PET 2016]; root of context hierarchy
2016-05-11 20:17:53.162  INFO 622 --- [    Test worker] trationDelegate$BeanPostProcessorChecker : Bean 'configurationPropertiesRebinderAutoConfiguration' of type [class org.springframework.cloud.autoconfigure.ConfigurationPropertiesRebinderAutoConfiguration$$EnhancerBySpringCGLIB$$5ea2a60c] is not eligible for getting processed by all BeanPostProcessors (for example: not eligible for auto-proxying)

  .   ____          _            __ _ _
 /\\ / ___'_ __ _ _(_)_ __  __ _ \ \ \ \
( ( )\___ | '_ | '_| | '_ \/ _` | \ \ \ \
 \\/  ___)| |_)| | | | | || (_| |  ) ) ) )
  '  |____| .__|_| |_|_| |_\__, | / / / /
 =========|_|==============|___/=/_/_/_/
 :: Spring Boot ::        (v1.3.3.RELEASE)

2016-05-11 20:17:53.488  INFO 622 --- [    Test worker] c.o.a.Archaius1demoApplicationTests      : No active profile set, falling back to default profiles: default
2016-05-11 20:17:53.500  INFO 622 --- [    Test worker] s.c.a.AnnotationConfigApplicationContext : Refreshing org.springframework.context.annotation.AnnotationConfigApplicationContext@6b703a80: startup date [Wed May 11 20:17:53 PET 2016]; parent: org.springframework.context.annotation.AnnotationConfigApplicationContext@3edf2900
2016-05-11 20:17:54.070  INFO 622 --- [    Test worker] o.s.cloud.context.scope.GenericScope     : BeanFactory id=4509dc43-8143-3c2e-8992-78d2c3ffc786
2016-05-11 20:17:54.097  INFO 622 --- [    Test worker] trationDelegate$BeanPostProcessorChecker : Bean 'org.springframework.cloud.autoconfigure.ConfigurationPropertiesRebinderAutoConfiguration' of type [class org.springframework.cloud.autoconfigure.ConfigurationPropertiesRebinderAutoConfiguration$$EnhancerBySpringCGLIB$$5ea2a60c] is not eligible for getting processed by all BeanPostProcessors (for example: not eligible for auto-proxying)
2016-05-11 20:17:54.105  INFO 622 --- [    Test worker] trationDelegate$BeanPostProcessorChecker : Bean 'org.springframework.cloud.autoconfigure.RefreshEndpointAutoConfiguration' of type [class org.springframework.cloud.autoconfigure.RefreshEndpointAutoConfiguration$$EnhancerBySpringCGLIB$$9180a142] is not eligible for getting processed by all BeanPostProcessors (for example: not eligible for auto-proxying)
2016-05-11 20:17:54.896  INFO 622 --- [    Test worker] c.o.a.Archaius1demoApplicationTests      : Started Archaius1demoApplicationTests in 2.568 seconds (JVM running for 3.464)
]]></system-out>
  <system-err><![CDATA[]]></system-err>
</testsuite>
